Using pre-set license
Built from '2020.3/staging' branch; Version is '2020.3.8f1 (507919d4fff5) revision 5273881'; Using compiler version '192528614'; Build Type 'Release'
OS: 'Windows 10 Home Single Language; OS build 19044.1645; Version 2009; 64bit' Language: 'en' Physical Memory: 7541 MB
BatchMode: 1, IsHumanControllingUs: 0, StartBugReporterOnCrash: 0, Is64bit: 1, IsPro: 0

 COMMAND LINE ARGUMENTS:
D:\Unity Editor\2020.3.8f1\Editor\Unity.exe
-adb2
-batchMode
-noUpm
-name
AssetImportWorker0
-projectPath
F:/Unity Projects/My 2D Pathfinding Project/2D-Pathfinding
-logFile
Logs/AssetImportWorker0.log
-srvPort
50988
Successfully changed project path to: F:/Unity Projects/My 2D Pathfinding Project/2D-Pathfinding
F:/Unity Projects/My 2D Pathfinding Project/2D-Pathfinding
Using Asset Import Pipeline V2.
Refreshing native plugins compatible for Editor in 67.18 ms, found 1 plugins.
Preloading 0 native plugins for Editor in 0.00 ms.
Initialize engine version: 2020.3.8f1 (507919d4fff5)
[Subsystems] Discovering subsystems at path D:/Unity Editor/2020.3.8f1/Editor/Data/Resources/UnitySubsystems
[Subsystems] Discovering subsystems at path F:/Unity Projects/My 2D Pathfinding Project/2D-Pathfinding/Assets
GfxDevice: creating device client; threaded=0
Direct3D:
    Version:  Direct3D 11.0 [level 11.1]
    Renderer: NVIDIA GeForce GTX 1650 (ID=0x1f99)
    Vendor:   
    VRAM:     3962 MB
    Driver:   30.0.15.1259
Initialize mono
Mono path[0] = 'D:/Unity Editor/2020.3.8f1/Editor/Data/Managed'
Mono path[1] = 'D:/Unity Editor/2020.3.8f1/Editor/Data/MonoBleedingEdge/lib/mono/unityjit'
Mono config path = 'D:/Unity Editor/2020.3.8f1/Editor/Data/MonoBleedingEdge/etc'
Using monoOptions --debugger-agent=transport=dt_socket,embedding=1,server=y,suspend=n,address=127.0.0.1:56600
Begin MonoManager ReloadAssembly
Registering precompiled unity dll's ...
Register platform support module: D:/Unity Editor/2020.3.8f1/Editor/Data/PlaybackEngines/WebGLSupport/UnityEditor.WebGL.Extensions.dll
Register platform support module: D:/Unity Editor/2020.3.8f1/Editor/Data/PlaybackEngines/WindowsStandaloneSupport/UnityEditor.WindowsStandalone.Extensions.dll
Registered in 0.002454 seconds.
Native extension for WindowsStandalone target not found
Native extension for WebGL target not found
Refreshing native plugins compatible for Editor in 57.55 ms, found 1 plugins.
Preloading 0 native plugins for Editor in 0.00 ms.
Mono: successfully reloaded assembly
- Completed reload, in  2.626 seconds
Platform modules already initialized, skipping
Registering precompiled user dll's ...
Registered in 0.001153 seconds.
Begin MonoManager ReloadAssembly
Native extension for WindowsStandalone target not found
Native extension for WebGL target not found
Refreshing native plugins compatible for Editor in 63.84 ms, found 1 plugins.
Preloading 0 native plugins for Editor in 0.00 ms.
Mono: successfully reloaded assembly
- Completed reload, in  1.579 seconds
Platform modules already initialized, skipping
========================================================================
Worker process is ready to serve import requests
Launched and connected shader compiler UnityShaderCompiler.exe after 0.08 seconds
Refreshing native plugins compatible for Editor in 0.45 ms, found 1 plugins.
Preloading 0 native plugins for Editor in 0.00 ms.
Unloading 1822 Unused Serialized files (Serialized files now loaded: 0)
System memory in use before: 85.2 MB.
System memory in use after: 85.2 MB.

Unloading 24 unused Assets to reduce memory usage. Loaded Objects now: 2264.
Total: 2.870400 ms (FindLiveObjects: 0.295900 ms CreateObjectMapping: 0.084200 ms MarkObjects: 2.309900 ms  DeleteObjects: 0.178200 ms)

========================================================================
Received Import Request.
  path: Assets/Scripts/Pathfinding.cs
  artifactKey: Guid(375ec1da9caefcd46a8bf582ade41cb2) Importer(815301076,1909f56bfc062723c751e8b465ee728b)
Start importing Assets/Scripts/Pathfinding.cs using Guid(375ec1da9caefcd46a8bf582ade41cb2) Importer(815301076,1909f56bfc062723c751e8b465ee728b)  -> (artifact id: '6881f2981b0d3eb91c2e781cef02b743') in 0.231344 seconds
  Import took 0.236758 seconds .

========================================================================
Received Import Request.
  Time since last request: 0.000921 seconds.
  path: Assets/Scripts/MovingUnit.cs
  artifactKey: Guid(522bec48951dcc343ae1f91038d13431) Importer(815301076,1909f56bfc062723c751e8b465ee728b)
Start importing Assets/Scripts/MovingUnit.cs using Guid(522bec48951dcc343ae1f91038d13431) Importer(815301076,1909f56bfc062723c751e8b465ee728b)  -> (artifact id: '084c5a4414022b65e9ab2bccbbd6bfbf') in 0.024797 seconds
  Import took 0.030004 seconds .

========================================================================
Received Import Request.
  Time since last request: 0.000513 seconds.
  path: Assets/Scripts/PathfindingData.cs
  artifactKey: Guid(9aa3240ec3976c14b97925afe2086335) Importer(815301076,1909f56bfc062723c751e8b465ee728b)
Start importing Assets/Scripts/PathfindingData.cs using Guid(9aa3240ec3976c14b97925afe2086335) Importer(815301076,1909f56bfc062723c751e8b465ee728b)  -> (artifact id: 'b8923b6acc63a44be89aa75da8bd2e14') in 0.009616 seconds
  Import took 0.014880 seconds .

========================================================================
Received Import Request.
  Time since last request: 0.000813 seconds.
  path: Assets/Scripts/Line.cs
  artifactKey: Guid(daeb8f3b8dbccd546a5919fd7063dba7) Importer(815301076,1909f56bfc062723c751e8b465ee728b)
Start importing Assets/Scripts/Line.cs using Guid(daeb8f3b8dbccd546a5919fd7063dba7) Importer(815301076,1909f56bfc062723c751e8b465ee728b)  -> (artifact id: '150761a9ac52d057403f6676d0ed9e7f') in 0.002959 seconds
  Import took 0.009055 seconds .

========================================================================
Received Import Request.
  Time since last request: 0.000471 seconds.
  path: Assets/Scripts/Path.cs
  artifactKey: Guid(81ace960b0851704a8a50acae825ad5c) Importer(815301076,1909f56bfc062723c751e8b465ee728b)
Start importing Assets/Scripts/Path.cs using Guid(81ace960b0851704a8a50acae825ad5c) Importer(815301076,1909f56bfc062723c751e8b465ee728b)  -> (artifact id: 'dd04bfc8c1cbc6e7f01c75935f36f4b8') in 0.012710 seconds
  Import took 0.018513 seconds .

========================================================================
Received Prepare
Registering precompiled user dll's ...
Registered in 0.002422 seconds.
Begin MonoManager ReloadAssembly
Native extension for WindowsStandalone target not found
Native extension for WebGL target not found
Refreshing native plugins compatible for Editor in 0.65 ms, found 1 plugins.
Preloading 0 native plugins for Editor in 0.00 ms.
Mono: successfully reloaded assembly
- Completed reload, in  1.529 seconds
Platform modules already initialized, skipping
Refreshing native plugins compatible for Editor in 1.00 ms, found 1 plugins.
Preloading 0 native plugins for Editor in 0.00 ms.
Unloading 1817 Unused Serialized files (Serialized files now loaded: 0)
System memory in use before: 85.2 MB.
System memory in use after: 85.2 MB.

Unloading 12 unused Assets to reduce memory usage. Loaded Objects now: 2268.
Total: 4.820500 ms (FindLiveObjects: 0.423900 ms CreateObjectMapping: 0.187400 ms MarkObjects: 3.979500 ms  DeleteObjects: 0.226700 ms)

========================================================================
Received Prepare
Registering precompiled user dll's ...
Registered in 0.001993 seconds.
Begin MonoManager ReloadAssembly
Native extension for WindowsStandalone target not found
Native extension for WebGL target not found
Refreshing native plugins compatible for Editor in 0.76 ms, found 1 plugins.
Preloading 0 native plugins for Editor in 0.00 ms.
Mono: successfully reloaded assembly
- Completed reload, in  1.616 seconds
Platform modules already initialized, skipping
Refreshing native plugins compatible for Editor in 0.65 ms, found 1 plugins.
Preloading 0 native plugins for Editor in 0.00 ms.
Unloading 1817 Unused Serialized files (Serialized files now loaded: 0)
System memory in use before: 85.2 MB.
System memory in use after: 85.2 MB.

Unloading 12 unused Assets to reduce memory usage. Loaded Objects now: 2272.
Total: 3.833400 ms (FindLiveObjects: 0.583000 ms CreateObjectMapping: 0.172500 ms MarkObjects: 2.854200 ms  DeleteObjects: 0.220500 ms)

========================================================================
Received Prepare
Registering precompiled user dll's ...
Registered in 0.001495 seconds.
Begin MonoManager ReloadAssembly
Native extension for WindowsStandalone target not found
Native extension for WebGL target not found
Refreshing native plugins compatible for Editor in 0.52 ms, found 1 plugins.
Preloading 0 native plugins for Editor in 0.00 ms.
Mono: successfully reloaded assembly
- Completed reload, in  1.348 seconds
Platform modules already initialized, skipping
Refreshing native plugins compatible for Editor in 0.59 ms, found 1 plugins.
Preloading 0 native plugins for Editor in 0.00 ms.
Unloading 1817 Unused Serialized files (Serialized files now loaded: 0)
System memory in use before: 85.3 MB.
System memory in use after: 85.2 MB.

Unloading 12 unused Assets to reduce memory usage. Loaded Objects now: 2276.
Total: 5.117300 ms (FindLiveObjects: 0.843700 ms CreateObjectMapping: 0.240300 ms MarkObjects: 3.805700 ms  DeleteObjects: 0.224500 ms)

========================================================================
Received Prepare
Registering precompiled user dll's ...
Registered in 0.001221 seconds.
Begin MonoManager ReloadAssembly
Native extension for WindowsStandalone target not found
Native extension for WebGL target not found
Refreshing native plugins compatible for Editor in 0.50 ms, found 1 plugins.
Preloading 0 native plugins for Editor in 0.00 ms.
Mono: successfully reloaded assembly
- Completed reload, in  1.634 seconds
Platform modules already initialized, skipping
Refreshing native plugins compatible for Editor in 0.45 ms, found 1 plugins.
Preloading 0 native plugins for Editor in 0.00 ms.
Unloading 1817 Unused Serialized files (Serialized files now loaded: 0)
System memory in use before: 85.3 MB.
System memory in use after: 85.3 MB.

Unloading 12 unused Assets to reduce memory usage. Loaded Objects now: 2280.
Total: 3.344800 ms (FindLiveObjects: 0.266200 ms CreateObjectMapping: 0.077400 ms MarkObjects: 2.844600 ms  DeleteObjects: 0.154200 ms)

========================================================================
Received Prepare
Registering precompiled user dll's ...
Registered in 0.001402 seconds.
Begin MonoManager ReloadAssembly
Native extension for WindowsStandalone target not found
Native extension for WebGL target not found
Refreshing native plugins compatible for Editor in 0.70 ms, found 1 plugins.
Preloading 0 native plugins for Editor in 0.00 ms.
Mono: successfully reloaded assembly
- Completed reload, in  1.647 seconds
Platform modules already initialized, skipping
Refreshing native plugins compatible for Editor in 1.17 ms, found 1 plugins.
Preloading 0 native plugins for Editor in 0.00 ms.
Unloading 1817 Unused Serialized files (Serialized files now loaded: 0)
System memory in use before: 85.3 MB.
System memory in use after: 85.2 MB.

Unloading 12 unused Assets to reduce memory usage. Loaded Objects now: 2284.
Total: 5.572500 ms (FindLiveObjects: 0.376600 ms CreateObjectMapping: 0.140100 ms MarkObjects: 4.806500 ms  DeleteObjects: 0.246100 ms)

========================================================================
Received Prepare
Registering precompiled user dll's ...
Registered in 0.001488 seconds.
Begin MonoManager ReloadAssembly
Native extension for WindowsStandalone target not found
Native extension for WebGL target not found
Refreshing native plugins compatible for Editor in 0.52 ms, found 1 plugins.
Preloading 0 native plugins for Editor in 0.00 ms.
Mono: successfully reloaded assembly
- Completed reload, in  1.363 seconds
Platform modules already initialized, skipping
Refreshing native plugins compatible for Editor in 0.55 ms, found 1 plugins.
Preloading 0 native plugins for Editor in 0.00 ms.
Unloading 1817 Unused Serialized files (Serialized files now loaded: 0)
System memory in use before: 85.3 MB.
System memory in use after: 85.3 MB.

Unloading 12 unused Assets to reduce memory usage. Loaded Objects now: 2288.
Total: 3.198100 ms (FindLiveObjects: 0.271500 ms CreateObjectMapping: 0.083300 ms MarkObjects: 2.688400 ms  DeleteObjects: 0.152900 ms)

========================================================================
Received Prepare
Registering precompiled user dll's ...
Registered in 0.001290 seconds.
Begin MonoManager ReloadAssembly
Native extension for WindowsStandalone target not found
Native extension for WebGL target not found
Refreshing native plugins compatible for Editor in 0.46 ms, found 1 plugins.
Preloading 0 native plugins for Editor in 0.00 ms.
Mono: successfully reloaded assembly
- Completed reload, in  1.403 seconds
Platform modules already initialized, skipping
Refreshing native plugins compatible for Editor in 0.57 ms, found 1 plugins.
Preloading 0 native plugins for Editor in 0.00 ms.
Unloading 1817 Unused Serialized files (Serialized files now loaded: 0)
System memory in use before: 85.3 MB.
System memory in use after: 85.3 MB.

Unloading 12 unused Assets to reduce memory usage. Loaded Objects now: 2292.
Total: 4.505100 ms (FindLiveObjects: 0.307900 ms CreateObjectMapping: 0.086400 ms MarkObjects: 3.936300 ms  DeleteObjects: 0.171700 ms)

========================================================================
Received Prepare
Registering precompiled user dll's ...
Registered in 0.001202 seconds.
Begin MonoManager ReloadAssembly
Native extension for WindowsStandalone target not found
Native extension for WebGL target not found
Refreshing native plugins compatible for Editor in 0.47 ms, found 1 plugins.
Preloading 0 native plugins for Editor in 0.00 ms.
Mono: successfully reloaded assembly
- Completed reload, in  1.347 seconds
Platform modules already initialized, skipping
Refreshing native plugins compatible for Editor in 0.45 ms, found 1 plugins.
Preloading 0 native plugins for Editor in 0.00 ms.
Unloading 1817 Unused Serialized files (Serialized files now loaded: 0)
System memory in use before: 85.3 MB.
System memory in use after: 85.3 MB.

Unloading 12 unused Assets to reduce memory usage. Loaded Objects now: 2296.
Total: 2.934500 ms (FindLiveObjects: 0.266000 ms CreateObjectMapping: 0.084100 ms MarkObjects: 2.418000 ms  DeleteObjects: 0.164500 ms)

========================================================================
Received Prepare
Registering precompiled user dll's ...
Registered in 0.001148 seconds.
Begin MonoManager ReloadAssembly
Native extension for WindowsStandalone target not found
Native extension for WebGL target not found
Refreshing native plugins compatible for Editor in 0.51 ms, found 1 plugins.
Preloading 0 native plugins for Editor in 0.00 ms.
Mono: successfully reloaded assembly
- Completed reload, in  1.478 seconds
Platform modules already initialized, skipping
Refreshing native plugins compatible for Editor in 0.62 ms, found 1 plugins.
Preloading 0 native plugins for Editor in 0.00 ms.
Unloading 1817 Unused Serialized files (Serialized files now loaded: 0)
System memory in use before: 85.3 MB.
System memory in use after: 85.3 MB.

Unloading 12 unused Assets to reduce memory usage. Loaded Objects now: 2300.
Total: 3.174300 ms (FindLiveObjects: 0.307600 ms CreateObjectMapping: 0.098900 ms MarkObjects: 2.602300 ms  DeleteObjects: 0.163200 ms)

========================================================================
Received Prepare
Registering precompiled user dll's ...
Registered in 0.001227 seconds.
Begin MonoManager ReloadAssembly
Native extension for WindowsStandalone target not found
Native extension for WebGL target not found
Refreshing native plugins compatible for Editor in 0.75 ms, found 1 plugins.
Preloading 0 native plugins for Editor in 0.00 ms.
Mono: successfully reloaded assembly
- Completed reload, in  1.346 seconds
Platform modules already initialized, skipping
Refreshing native plugins compatible for Editor in 0.72 ms, found 1 plugins.
Preloading 0 native plugins for Editor in 0.00 ms.
Unloading 1817 Unused Serialized files (Serialized files now loaded: 0)
System memory in use before: 85.3 MB.
System memory in use after: 85.3 MB.

Unloading 12 unused Assets to reduce memory usage. Loaded Objects now: 2304.
Total: 2.914700 ms (FindLiveObjects: 0.256700 ms CreateObjectMapping: 0.082500 ms MarkObjects: 2.416300 ms  DeleteObjects: 0.157300 ms)

========================================================================
Received Prepare
Registering precompiled user dll's ...
Registered in 0.002318 seconds.
Begin MonoManager ReloadAssembly
Native extension for WindowsStandalone target not found
Native extension for WebGL target not found
Refreshing native plugins compatible for Editor in 0.45 ms, found 1 plugins.
Preloading 0 native plugins for Editor in 0.00 ms.
Mono: successfully reloaded assembly
- Completed reload, in  1.353 seconds
Platform modules already initialized, skipping
Refreshing native plugins compatible for Editor in 0.59 ms, found 1 plugins.
Preloading 0 native plugins for Editor in 0.00 ms.
Unloading 1817 Unused Serialized files (Serialized files now loaded: 0)
System memory in use before: 85.3 MB.
System memory in use after: 85.3 MB.

Unloading 12 unused Assets to reduce memory usage. Loaded Objects now: 2308.
Total: 2.916600 ms (FindLiveObjects: 0.265400 ms CreateObjectMapping: 0.083500 ms MarkObjects: 2.391200 ms  DeleteObjects: 0.174400 ms)

========================================================================
Received Prepare
Registering precompiled user dll's ...
Registered in 0.001265 seconds.
Begin MonoManager ReloadAssembly
Native extension for WindowsStandalone target not found
Native extension for WebGL target not found
Refreshing native plugins compatible for Editor in 0.49 ms, found 1 plugins.
Preloading 0 native plugins for Editor in 0.00 ms.
Mono: successfully reloaded assembly
- Completed reload, in  1.393 seconds
Platform modules already initialized, skipping
Refreshing native plugins compatible for Editor in 0.69 ms, found 1 plugins.
Preloading 0 native plugins for Editor in 0.00 ms.
Unloading 1817 Unused Serialized files (Serialized files now loaded: 0)
System memory in use before: 85.3 MB.
System memory in use after: 85.3 MB.

Unloading 12 unused Assets to reduce memory usage. Loaded Objects now: 2312.
Total: 3.619500 ms (FindLiveObjects: 0.295500 ms CreateObjectMapping: 0.078000 ms MarkObjects: 3.084600 ms  DeleteObjects: 0.159200 ms)

========================================================================
Received Prepare
Registering precompiled user dll's ...
Registered in 0.001201 seconds.
Begin MonoManager ReloadAssembly
Native extension for WindowsStandalone target not found
Native extension for WebGL target not found
Refreshing native plugins compatible for Editor in 0.49 ms, found 1 plugins.
Preloading 0 native plugins for Editor in 0.00 ms.
Mono: successfully reloaded assembly
- Completed reload, in  1.590 seconds
Platform modules already initialized, skipping
Refreshing native plugins compatible for Editor in 0.49 ms, found 1 plugins.
Preloading 0 native plugins for Editor in 0.00 ms.
Unloading 1817 Unused Serialized files (Serialized files now loaded: 0)
System memory in use before: 85.3 MB.
System memory in use after: 85.3 MB.

Unloading 12 unused Assets to reduce memory usage. Loaded Objects now: 2316.
Total: 2.898700 ms (FindLiveObjects: 0.282900 ms CreateObjectMapping: 0.084600 ms MarkObjects: 2.334900 ms  DeleteObjects: 0.193900 ms)

========================================================================
Received Prepare
Registering precompiled user dll's ...
Registered in 0.023951 seconds.
Begin MonoManager ReloadAssembly
Native extension for WindowsStandalone target not found
Native extension for WebGL target not found
Refreshing native plugins compatible for Editor in 0.70 ms, found 1 plugins.
Preloading 0 native plugins for Editor in 0.00 ms.
Mono: successfully reloaded assembly
- Completed reload, in  2.854 seconds
Platform modules already initialized, skipping
Refreshing native plugins compatible for Editor in 2.86 ms, found 1 plugins.
Preloading 0 native plugins for Editor in 0.00 ms.
Unloading 1817 Unused Serialized files (Serialized files now loaded: 0)
System memory in use before: 85.4 MB.
System memory in use after: 85.3 MB.

Unloading 12 unused Assets to reduce memory usage. Loaded Objects now: 2320.
Total: 3.014200 ms (FindLiveObjects: 0.292200 ms CreateObjectMapping: 0.085600 ms MarkObjects: 2.466800 ms  DeleteObjects: 0.167800 ms)

========================================================================
Received Prepare
Registering precompiled user dll's ...
Registered in 0.001573 seconds.
Begin MonoManager ReloadAssembly
Native extension for WindowsStandalone target not found
Native extension for WebGL target not found
Refreshing native plugins compatible for Editor in 0.49 ms, found 1 plugins.
Preloading 0 native plugins for Editor in 0.00 ms.
Mono: successfully reloaded assembly
- Completed reload, in  1.345 seconds
Platform modules already initialized, skipping
Refreshing native plugins compatible for Editor in 0.52 ms, found 1 plugins.
Preloading 0 native plugins for Editor in 0.00 ms.
Unloading 1817 Unused Serialized files (Serialized files now loaded: 0)
System memory in use before: 85.4 MB.
System memory in use after: 85.3 MB.

Unloading 12 unused Assets to reduce memory usage. Loaded Objects now: 2324.
Total: 3.111100 ms (FindLiveObjects: 0.253900 ms CreateObjectMapping: 0.083600 ms MarkObjects: 2.617900 ms  DeleteObjects: 0.153500 ms)

========================================================================
Received Prepare
Registering precompiled user dll's ...
Registered in 0.001434 seconds.
Begin MonoManager ReloadAssembly
Native extension for WindowsStandalone target not found
Native extension for WebGL target not found
Refreshing native plugins compatible for Editor in 0.63 ms, found 1 plugins.
Preloading 0 native plugins for Editor in 0.00 ms.
Mono: successfully reloaded assembly
- Completed reload, in  1.395 seconds
Platform modules already initialized, skipping
Refreshing native plugins compatible for Editor in 0.49 ms, found 1 plugins.
Preloading 0 native plugins for Editor in 0.00 ms.
Unloading 1817 Unused Serialized files (Serialized files now loaded: 0)
System memory in use before: 85.4 MB.
System memory in use after: 85.3 MB.

Unloading 12 unused Assets to reduce memory usage. Loaded Objects now: 2328.
Total: 4.590400 ms (FindLiveObjects: 0.434800 ms CreateObjectMapping: 0.116900 ms MarkObjects: 3.732600 ms  DeleteObjects: 0.302500 ms)

========================================================================
Received Prepare
Registering precompiled user dll's ...
Registered in 0.001320 seconds.
Begin MonoManager ReloadAssembly
Native extension for WindowsStandalone target not found
Native extension for WebGL target not found
Refreshing native plugins compatible for Editor in 0.67 ms, found 1 plugins.
Preloading 0 native plugins for Editor in 0.00 ms.
Mono: successfully reloaded assembly
- Completed reload, in  1.499 seconds
Platform modules already initialized, skipping
Refreshing native plugins compatible for Editor in 0.48 ms, found 1 plugins.
Preloading 0 native plugins for Editor in 0.00 ms.
Unloading 1817 Unused Serialized files (Serialized files now loaded: 0)
System memory in use before: 85.4 MB.
System memory in use after: 85.4 MB.

Unloading 12 unused Assets to reduce memory usage. Loaded Objects now: 2332.
Total: 4.403600 ms (FindLiveObjects: 0.437200 ms CreateObjectMapping: 0.124000 ms MarkObjects: 3.524900 ms  DeleteObjects: 0.315100 ms)

========================================================================
Received Prepare
Registering precompiled user dll's ...
Registered in 0.002311 seconds.
Begin MonoManager ReloadAssembly
Native extension for WindowsStandalone target not found
Native extension for WebGL target not found
Refreshing native plugins compatible for Editor in 0.46 ms, found 1 plugins.
Preloading 0 native plugins for Editor in 0.00 ms.
Mono: successfully reloaded assembly
- Completed reload, in  1.301 seconds
Platform modules already initialized, skipping
Refreshing native plugins compatible for Editor in 0.45 ms, found 1 plugins.
Preloading 0 native plugins for Editor in 0.00 ms.
Unloading 1817 Unused Serialized files (Serialized files now loaded: 0)
System memory in use before: 85.4 MB.
System memory in use after: 85.4 MB.

Unloading 12 unused Assets to reduce memory usage. Loaded Objects now: 2336.
Total: 3.120500 ms (FindLiveObjects: 0.261900 ms CreateObjectMapping: 0.088900 ms MarkObjects: 2.562800 ms  DeleteObjects: 0.204400 ms)

AssetImportWorkerClient::OnTransportError - code=2 error=End of file
